<?xml version="1.0" encoding="UTF-8" ?>
<testsuite tests="1" failures="0" name="TestRunner" time="0.005" errors="1" skipped="0">
  <properties>
[...]
</properties>
  <testcase classname="TestRunner" name="initializationError" time="0.005">
    <error message="Couldn&apos;t load plugin class: features.report.CustomFormatter. It does not implement cucumber.api.Plugin" type="cucumber.runtime.CucumberException">cucumber.runtime.CucumberException: Couldn&apos;t load plugin class: features.report.CustomFormatter. It does not implement cucumber.api.Plugin
	at cucumber.runtime.formatter.PluginFactory.loadClass(PluginFactory.java:178)
	at cucumber.runtime.formatter.PluginFactory.pluginClass(PluginFactory.java:165)
	at cucumber.runtime.formatter.PluginFactory.getPluginClass(PluginFactory.java:222)
	at cucumber.runtime.formatter.PluginFactory.isStepDefinitionReporterName(PluginFactory.java:205)
	at cucumber.runtime.RuntimeOptions$ParsedPluginData.addPluginName(RuntimeOptions.java:357)
	at cucumber.runtime.RuntimeOptions.parse(RuntimeOptions.java:159)
	at cucumber.runtime.RuntimeOptions.&lt;init&gt;(RuntimeOptions.java:90)
	at cucumber.runtime.RuntimeOptions.&lt;init&gt;(RuntimeOptions.java:85)
	at cucumber.runtime.RuntimeOptionsFactory.create(RuntimeOptionsFactory.java:23)
	at cucumber.api.junit.Cucumber.&lt;init&gt;(Cucumber.java:84)
	at sun.reflect.NativeConstructorAccessorImpl.newInstance0(Native Method)
	at sun.reflect.NativeConstructorAccessorImpl.newInstance(NativeConstructorAccessorImpl.java:62)
	at sun.reflect.DelegatingConstructorAccessorImpl.newInstance(DelegatingConstructorAccessorImpl.java:45)
	at java.lang.reflect.Constructor.newInstance(Constructor.java:423)
	at org.junit.internal.builders.AnnotatedBuilder.buildRunner(AnnotatedBuilder.java:104)
	at org.junit.internal.builders.AnnotatedBuilder.runnerForClass(AnnotatedBuilder.java:86)
	at org.junit.runners.model.RunnerBuilder.safeRunnerForClass(RunnerBuilder.java:59)
	at org.junit.internal.builders.AllDefaultPossibilitiesBuilder.runnerForClass(AllDefaultPossibilitiesBuilder.java:26)
	at org.junit.runners.model.RunnerBuilder.safeRunnerForClass(RunnerBuilder.java:59)
	at org.junit.internal.requests.ClassRequest.getRunner(ClassRequest.java:33)
	at org.apache.maven.surefire.junit4.JUnit4Provider.execute(JUnit4Provider.java:250)
	at org.apache.maven.surefire.junit4.JUnit4Provider.executeTestSet(JUnit4Provider.java:141)
	at org.apache.maven.surefire.junit4.JUnit4Provider.invoke(JUnit4Provider.java:112)
	at sun.reflect.NativeMethodAccessorImpl.invoke0(Native Method)
	at sun.reflect.NativeMethodAccessorImpl.invoke(NativeMethodAccessorImpl.java:62)
	at sun.reflect.DelegatingMethodAccessorImpl.invoke(DelegatingMethodAccessorImpl.java:43)
	at java.lang.reflect.Method.invoke(Method.java:498)
	at org.apache.maven.surefire.util.ReflectionUtils.invokeMethodWithArray(ReflectionUtils.java:189)
	at org.apache.maven.surefire.booter.ProviderFactory$ProviderProxy.invoke(ProviderFactory.java:165)
	at org.apache.maven.surefire.booter.ProviderFactory.invokeProvider(ProviderFactory.java:85)
	at org.apache.maven.surefire.booter.ForkedBooter.runSuitesInProcess(ForkedBooter.java:115)
	at org.apache.maven.surefire.booter.ForkedBooter.main(ForkedBooter.java:75)
</error>
  </testcase>
</testsuite>